{
  "RSpec": {
    "coverage": {
      "/Users/emmanuel/Projects/takeaway-challenge/spec/dish_spec.rb": {
        "lines": [
          1,
          null,
          1,
          null,
          1,
          1,
          1,
          1,
          null,
          null,
          null,
          1,
          1,
          1,
          1,
          null,
          null,
          null,
          null
        ]
      },
      "/Users/emmanuel/Projects/takeaway-challenge/lib/dish.rb": {
        "lines": [
          1,
          null,
          1,
          null,
          1,
          16,
          16,
          null,
          null,
          null,
          null,
          null
        ]
      },
      "/Users/emmanuel/Projects/takeaway-challenge/spec/order_spec.rb": {
        "lines": [
          1,
          null,
          1,
          null,
          1,
          1,
          1,
          null,
          null,
          null,
          1,
          1,
          1,
          1,
          null,
          null,
          1,
          2,
          null,
          null,
          1,
          1,
          1,
          null,
          null,
          null,
          1,
          1,
          1,
          1,
          null,
          null,
          1,
          1,
          1,
          null,
          null,
          null,
          1,
          1,
          1,
          1,
          1,
          null,
          null,
          null,
          1,
          1,
          1,
          null,
          null,
          null
        ]
      },
      "/Users/emmanuel/Projects/takeaway-challenge/lib/order.rb": {
        "lines": [
          1,
          null,
          1,
          null,
          1,
          16,
          16,
          16,
          16,
          16,
          null,
          null,
          1,
          null,
          9,
          15,
          14,
          14,
          14,
          null,
          null,
          null,
          1,
          2,
          20,
          20,
          null,
          null,
          1,
          null,
          1,
          14,
          null,
          null,
          1,
          15,
          15,
          null,
          null,
          1,
          15,
          14,
          14,
          null,
          null,
          1,
          null,
          null,
          null,
          null,
          null,
          null,
          null,
          null,
          null,
          null,
          null,
          null
        ]
      },
      "/Users/emmanuel/Projects/takeaway-challenge/spec/restaurant_spec.rb": {
        "lines": [
          1,
          1,
          1,
          null,
          1,
          null,
          1,
          null,
          1,
          1,
          1,
          2,
          null,
          null,
          1,
          1,
          1,
          null,
          null,
          1,
          1,
          null,
          null,
          null,
          1,
          1,
          1,
          1,
          null,
          null,
          null,
          1,
          1,
          1,
          1,
          1,
          null,
          null,
          null,
          1,
          1,
          1,
          null,
          null,
          null,
          null
        ]
      },
      "/Users/emmanuel/Projects/takeaway-challenge/lib/restaurant.rb": {
        "lines": [
          1,
          1,
          1,
          null,
          1,
          6,
          6,
          6,
          6,
          6,
          6,
          6,
          6,
          null,
          null,
          1,
          1,
          null,
          null,
          1,
          1,
          null,
          null,
          1,
          1,
          null,
          null,
          1,
          2,
          null,
          null,
          1,
          3,
          2,
          2,
          2,
          null,
          null,
          1,
          null,
          1,
          4,
          3,
          null,
          null,
          1,
          2,
          2,
          null,
          null,
          1,
          2,
          null,
          null,
          null,
          null
        ]
      },
      "/Users/emmanuel/Projects/takeaway-challenge/lib/fakesender.rb": {
        "lines": [
          1,
          1,
          null,
          1,
          1,
          null,
          1,
          null,
          1,
          6,
          null,
          null,
          1,
          2,
          null,
          null,
          1,
          2,
          null,
          null
        ]
      },
      "/Users/emmanuel/Projects/takeaway-challenge/lib/sender.rb": {
        "lines": [
          1,
          1,
          1,
          null,
          1,
          null,
          1,
          null,
          1,
          6,
          null,
          null,
          1,
          2,
          null,
          null,
          1,
          null,
          2,
          null,
          null,
          null,
          null,
          null,
          null,
          null
        ]
      },
      "/Users/emmanuel/Projects/takeaway-challenge/spec/text_spec.rb": {
        "lines": [
          1,
          null,
          1,
          null,
          1,
          1,
          1,
          1,
          null,
          1,
          1,
          1,
          1,
          null,
          null,
          null
        ]
      },
      "/Users/emmanuel/Projects/takeaway-challenge/lib/text.rb": {
        "lines": [
          1,
          null,
          1,
          null,
          1,
          4,
          4,
          null,
          null,
          1,
          4,
          4,
          null,
          null,
          1,
          null,
          1,
          4,
          4,
          null,
          null
        ]
      }
    },
    "timestamp": 1633298494
  }
}
